<?xml version="1.0" encoding="UTF-8"?>
<robot generator="Robot 5.0 (Python 3.7.0 on win32)" generated="20220502 07:48:41.735" rpa="false" schemaversion="3">
<suite id="s1" name="GUI scripts" source="D:\demoProjects\testcases\GUI_scripts.robot">
<test id="s1-t1" name="pom_app_login" line="45">
<kw name="App Login" library="UDK">
<kw name="Open Browser" library="SeleniumLibrary">
<arg>${app_URL}</arg>
<arg>${browserName}</arg>
<doc>Opens a new browser instance to the optional ``url``.</doc>
<msg timestamp="20220502 07:48:42.818" level="INFO">Opening browser 'gc' to base url 'https://www.flipkart.com/'.</msg>
<status status="PASS" starttime="20220502 07:48:42.818" endtime="20220502 07:48:46.099"/>
</kw>
<kw name="Maximize Browser Window" library="SeleniumLibrary">
<doc>Maximizes current browser window.</doc>
<status status="PASS" starttime="20220502 07:48:46.099" endtime="20220502 07:48:46.219"/>
</kw>
<kw name="Sleep" library="BuiltIn">
<arg>${delay_short}</arg>
<doc>Pauses the test executed for the given time.</doc>
<msg timestamp="20220502 07:48:48.221" level="INFO">Slept 2 seconds</msg>
<status status="PASS" starttime="20220502 07:48:46.219" endtime="20220502 07:48:48.221"/>
</kw>
<kw name="Input Text" library="SeleniumLibrary">
<arg>${textbox_username_xpath}</arg>
<arg>${username_value}</arg>
<doc>Types the given ``text`` into the text field identified by ``locator``.</doc>
<msg timestamp="20220502 07:48:48.221" level="INFO">Typing text '9738308627' into text field '//* [@class='_2IX_2- VJZDxU']'.</msg>
<status status="PASS" starttime="20220502 07:48:48.221" endtime="20220502 07:48:48.362"/>
</kw>
<kw name="Sleep" library="BuiltIn">
<arg>${delay_short}</arg>
<doc>Pauses the test executed for the given time.</doc>
<msg timestamp="20220502 07:48:50.367" level="INFO">Slept 2 seconds</msg>
<status status="PASS" starttime="20220502 07:48:48.362" endtime="20220502 07:48:50.367"/>
</kw>
<kw name="Input Text" library="SeleniumLibrary">
<arg>${textbox_password_xpath}</arg>
<arg>${password_value}</arg>
<doc>Types the given ``text`` into the text field identified by ``locator``.</doc>
<msg timestamp="20220502 07:48:50.367" level="INFO">Typing text 'Flipkart2022@@@' into text field '//* [@type='password']'.</msg>
<status status="PASS" starttime="20220502 07:48:50.367" endtime="20220502 07:48:50.495"/>
</kw>
<kw name="Sleep" library="BuiltIn">
<arg>${delay_short}</arg>
<doc>Pauses the test executed for the given time.</doc>
<msg timestamp="20220502 07:48:52.496" level="INFO">Slept 2 seconds</msg>
<status status="PASS" starttime="20220502 07:48:50.495" endtime="20220502 07:48:52.496"/>
</kw>
<kw name="Click Element" library="SeleniumLibrary">
<arg>${button_login_xpath}</arg>
<doc>Click the element identified by ``locator``.</doc>
<msg timestamp="20220502 07:48:52.496" level="INFO">Clicking element '//* [@class='_2KpZ6l _2HKlqd _3AWRsL']'.</msg>
<status status="PASS" starttime="20220502 07:48:52.496" endtime="20220502 07:48:52.648"/>
</kw>
<kw name="Sleep" library="BuiltIn">
<arg>${delay_short}</arg>
<doc>Pauses the test executed for the given time.</doc>
<msg timestamp="20220502 07:48:54.658" level="INFO">Slept 2 seconds</msg>
<status status="PASS" starttime="20220502 07:48:52.648" endtime="20220502 07:48:54.658"/>
</kw>
<status status="PASS" starttime="20220502 07:48:42.818" endtime="20220502 07:48:54.658"/>
</kw>
<kw name="Close All Browsers" library="SeleniumLibrary">
<doc>Closes all open browsers and resets the browser cache.</doc>
<status status="PASS" starttime="20220502 07:48:54.658" endtime="20220502 07:48:56.890"/>
</kw>
<doc>This test case is desgined in POM</doc>
<tag>regression</tag>
<status status="PASS" starttime="20220502 07:48:42.810" endtime="20220502 07:48:56.890"/>
</test>
<status status="PASS" starttime="20220502 07:48:41.735" endtime="20220502 07:48:56.890"/>
</suite>
<statistics>
<total>
<stat pass="1" fail="0" skip="0">All Tests</stat>
</total>
<tag>
<stat pass="1" fail="0" skip="0">regression</stat>
</tag>
<suite>
<stat pass="1" fail="0" skip="0" id="s1" name="GUI scripts">GUI scripts</stat>
</suite>
</statistics>
<errors>
</errors>
</robot>
