<?xml version="1.0" encoding="UTF-8"?>
<robot generator="Robot 5.0 (Python 3.7.0 on win32)" generated="20220524 01:17:16.870" rpa="false" schemaversion="3">
<suite id="s1" name="GUI scripts" source="D:\demoProjects\testcases\GUI_scripts.robot">
<test id="s1-t1" name="app_login_01" line="11">
<kw name="Open Browser" library="SeleniumLibrary">
<arg>https://www.flipkart.com/</arg>
<arg>gc</arg>
<doc>Opens a new browser instance to the optional ``url``.</doc>
<msg timestamp="20220524 01:17:18.397" level="INFO">Opening browser 'gc' to base url 'https://www.flipkart.com/'.</msg>
<status status="PASS" starttime="20220524 01:17:18.397" endtime="20220524 01:17:21.281"/>
</kw>
<kw name="Maximize Browser Window" library="SeleniumLibrary">
<doc>Maximizes current browser window.</doc>
<status status="PASS" starttime="20220524 01:17:21.282" endtime="20220524 01:17:21.400"/>
</kw>
<kw name="Sleep" library="BuiltIn">
<arg>2</arg>
<doc>Pauses the test executed for the given time.</doc>
<msg timestamp="20220524 01:17:23.409" level="INFO">Slept 2 seconds</msg>
<status status="PASS" starttime="20220524 01:17:21.401" endtime="20220524 01:17:23.409"/>
</kw>
<kw name="Input Text" library="SeleniumLibrary">
<arg>//* [@class='_2IX_2- VJZDxU']</arg>
<arg>${username_value}</arg>
<doc>Types the given ``text`` into the text field identified by ``locator``.</doc>
<msg timestamp="20220524 01:17:23.412" level="INFO">Typing text '9738308627' into text field '//* [@class='_2IX_2- VJZDxU']'.</msg>
<status status="PASS" starttime="20220524 01:17:23.410" endtime="20220524 01:17:23.545"/>
</kw>
<kw name="Sleep" library="BuiltIn">
<arg>2</arg>
<doc>Pauses the test executed for the given time.</doc>
<msg timestamp="20220524 01:17:25.551" level="INFO">Slept 2 seconds</msg>
<status status="PASS" starttime="20220524 01:17:23.545" endtime="20220524 01:17:25.551"/>
</kw>
<kw name="Input Text" library="SeleniumLibrary">
<arg>//* [@type='password']</arg>
<arg>${password_value}</arg>
<doc>Types the given ``text`` into the text field identified by ``locator``.</doc>
<msg timestamp="20220524 01:17:25.552" level="INFO">Typing text 'Flipkart2022@@@' into text field '//* [@type='password']'.</msg>
<status status="PASS" starttime="20220524 01:17:25.551" endtime="20220524 01:17:25.661"/>
</kw>
<kw name="Sleep" library="BuiltIn">
<arg>2</arg>
<doc>Pauses the test executed for the given time.</doc>
<msg timestamp="20220524 01:17:27.661" level="INFO">Slept 2 seconds</msg>
<status status="PASS" starttime="20220524 01:17:25.661" endtime="20220524 01:17:27.661"/>
</kw>
<kw name="Click Element" library="SeleniumLibrary">
<arg>//* [@class='_2KpZ6l _2HKlqd _3AWRsL']</arg>
<doc>Click the element identified by ``locator``.</doc>
<msg timestamp="20220524 01:17:27.663" level="INFO">Clicking element '//* [@class='_2KpZ6l _2HKlqd _3AWRsL']'.</msg>
<status status="PASS" starttime="20220524 01:17:27.662" endtime="20220524 01:17:27.723"/>
</kw>
<kw name="Sleep" library="BuiltIn">
<arg>2</arg>
<doc>Pauses the test executed for the given time.</doc>
<msg timestamp="20220524 01:17:29.725" level="INFO">Slept 2 seconds</msg>
<status status="PASS" starttime="20220524 01:17:27.723" endtime="20220524 01:17:29.725"/>
</kw>
<kw name="Comment" library="BuiltIn">
<arg>Capture Page Screenshot</arg>
<doc>Displays the given messages in the log file as keyword arguments.</doc>
<status status="PASS" starttime="20220524 01:17:29.725" endtime="20220524 01:17:29.725"/>
</kw>
<kw name="Get Text" library="SeleniumLibrary">
<var>${user_name}</var>
<arg>//*[@class='exehdJ']</arg>
<doc>Returns the text value of the element identified by ``locator``.</doc>
<msg timestamp="20220524 01:17:29.803" level="INFO">${user_name} = Ranjan</msg>
<status status="PASS" starttime="20220524 01:17:29.725" endtime="20220524 01:17:29.803"/>
</kw>
<kw name="Log" library="BuiltIn">
<arg>${user_name}</arg>
<doc>Logs the given message with the given level.</doc>
<msg timestamp="20220524 01:17:29.803" level="INFO">Ranjan</msg>
<status status="PASS" starttime="20220524 01:17:29.803" endtime="20220524 01:17:29.803"/>
</kw>
<kw name="Should Be Equal" library="BuiltIn">
<arg>${user_name}</arg>
<arg>Ranjan</arg>
<doc>Fails if the given objects are unequal.</doc>
<status status="PASS" starttime="20220524 01:17:29.803" endtime="20220524 01:17:29.804"/>
</kw>
<kw name="Comment" library="BuiltIn">
<arg>Click Element</arg>
<arg>//* [@class='_2KpZ6l _2HKlqd _3AWRsL']4555</arg>
<doc>Displays the given messages in the log file as keyword arguments.</doc>
<status status="PASS" starttime="20220524 01:17:29.804" endtime="20220524 01:17:29.804"/>
</kw>
<tag>reg</tag>
<status status="PASS" starttime="20220524 01:17:18.396" endtime="20220524 01:17:29.804"/>
</test>
<test id="s1-t2" name="app_login_01_headless" line="28">
<kw name="Open Browser" library="SeleniumLibrary">
<arg>https://www.flipkart.com/</arg>
<arg>headlesschrome</arg>
<doc>Opens a new browser instance to the optional ``url``.</doc>
<msg timestamp="20220524 01:17:29.805" level="INFO">Opening browser 'headlesschrome' to base url 'https://www.flipkart.com/'.</msg>
<status status="PASS" starttime="20220524 01:17:29.805" endtime="20220524 01:17:35.231"/>
</kw>
<kw name="Maximize Browser Window" library="SeleniumLibrary">
<doc>Maximizes current browser window.</doc>
<status status="PASS" starttime="20220524 01:17:35.232" endtime="20220524 01:17:35.349"/>
</kw>
<kw name="Sleep" library="BuiltIn">
<arg>2</arg>
<doc>Pauses the test executed for the given time.</doc>
<msg timestamp="20220524 01:17:37.351" level="INFO">Slept 2 seconds</msg>
<status status="PASS" starttime="20220524 01:17:35.350" endtime="20220524 01:17:37.351"/>
</kw>
<kw name="Input Text" library="SeleniumLibrary">
<arg>//* [@class='_2IX_2- VJZDxU']</arg>
<arg>${username_value}</arg>
<doc>Types the given ``text`` into the text field identified by ``locator``.</doc>
<msg timestamp="20220524 01:17:37.352" level="INFO">Typing text '9738308627' into text field '//* [@class='_2IX_2- VJZDxU']'.</msg>
<status status="PASS" starttime="20220524 01:17:37.351" endtime="20220524 01:17:37.438"/>
</kw>
<kw name="Sleep" library="BuiltIn">
<arg>2</arg>
<doc>Pauses the test executed for the given time.</doc>
<msg timestamp="20220524 01:17:39.444" level="INFO">Slept 2 seconds</msg>
<status status="PASS" starttime="20220524 01:17:37.438" endtime="20220524 01:17:39.444"/>
</kw>
<kw name="Input Text" library="SeleniumLibrary">
<arg>//* [@type='password']</arg>
<arg>${password_value}</arg>
<doc>Types the given ``text`` into the text field identified by ``locator``.</doc>
<msg timestamp="20220524 01:17:39.445" level="INFO">Typing text 'Flipkart2022@@@' into text field '//* [@type='password']'.</msg>
<status status="PASS" starttime="20220524 01:17:39.444" endtime="20220524 01:17:39.545"/>
</kw>
<kw name="Sleep" library="BuiltIn">
<arg>2</arg>
<doc>Pauses the test executed for the given time.</doc>
<msg timestamp="20220524 01:17:41.549" level="INFO">Slept 2 seconds</msg>
<status status="PASS" starttime="20220524 01:17:39.546" endtime="20220524 01:17:41.549"/>
</kw>
<kw name="Click Element" library="SeleniumLibrary">
<arg>//* [@class='_2KpZ6l _2HKlqd _3AWRsL']</arg>
<doc>Click the element identified by ``locator``.</doc>
<msg timestamp="20220524 01:17:41.550" level="INFO">Clicking element '//* [@class='_2KpZ6l _2HKlqd _3AWRsL']'.</msg>
<status status="PASS" starttime="20220524 01:17:41.550" endtime="20220524 01:17:41.630"/>
</kw>
<kw name="Sleep" library="BuiltIn">
<arg>2</arg>
<doc>Pauses the test executed for the given time.</doc>
<msg timestamp="20220524 01:17:43.640" level="INFO">Slept 2 seconds</msg>
<status status="PASS" starttime="20220524 01:17:41.631" endtime="20220524 01:17:43.640"/>
</kw>
<kw name="Comment" library="BuiltIn">
<arg>Capture Page Screenshot</arg>
<doc>Displays the given messages in the log file as keyword arguments.</doc>
<status status="PASS" starttime="20220524 01:17:43.641" endtime="20220524 01:17:43.641"/>
</kw>
<kw name="Get Text" library="SeleniumLibrary">
<var>${user_name}</var>
<arg>//*[@class='exehdJ']</arg>
<doc>Returns the text value of the element identified by ``locator``.</doc>
<msg timestamp="20220524 01:17:43.736" level="INFO">${user_name} = Ranjan</msg>
<status status="PASS" starttime="20220524 01:17:43.641" endtime="20220524 01:17:43.736"/>
</kw>
<kw name="Log" library="BuiltIn">
<arg>${user_name}</arg>
<doc>Logs the given message with the given level.</doc>
<msg timestamp="20220524 01:17:43.737" level="INFO">Ranjan</msg>
<status status="PASS" starttime="20220524 01:17:43.736" endtime="20220524 01:17:43.737"/>
</kw>
<kw name="Should Be Equal" library="BuiltIn">
<arg>${user_name}</arg>
<arg>Ranjan</arg>
<doc>Fails if the given objects are unequal.</doc>
<status status="PASS" starttime="20220524 01:17:43.737" endtime="20220524 01:17:43.737"/>
</kw>
<kw name="Comment" library="BuiltIn">
<arg>Click Element</arg>
<arg>//* [@class='_2KpZ6l _2HKlqd _3AWRsL']4555</arg>
<doc>Displays the given messages in the log file as keyword arguments.</doc>
<status status="PASS" starttime="20220524 01:17:43.737" endtime="20220524 01:17:43.737"/>
</kw>
<kw name="Close Browser" library="SeleniumLibrary">
<doc>Closes the current browser.</doc>
<status status="PASS" starttime="20220524 01:17:43.737" endtime="20220524 01:17:45.818"/>
</kw>
<tag>reg</tag>
<status status="PASS" starttime="20220524 01:17:29.804" endtime="20220524 01:17:45.819"/>
</test>
<status status="PASS" starttime="20220524 01:17:16.882" endtime="20220524 01:17:45.819"/>
</suite>
<statistics>
<total>
<stat pass="2" fail="0" skip="0">All Tests</stat>
</total>
<tag>
<stat pass="2" fail="0" skip="0">reg</stat>
</tag>
<suite>
<stat pass="2" fail="0" skip="0" id="s1" name="GUI scripts">GUI scripts</stat>
</suite>
</statistics>
<errors>
</errors>
</robot>
