<?xml version="1.0" encoding="UTF-8"?>
<robot generator="Robot 5.0 (Python 3.7.0 on win32)" generated="20220525 00:28:22.207" rpa="false" schemaversion="3">
<suite id="s1" name="GUI scripts" source="D:\demoProjects\testcases\GUI_scripts.robot">
<test id="s1-t1" name="app_login_01" line="11">
<kw name="Open Browser" library="SeleniumLibrary">
<arg>https://www.flipkart.com/</arg>
<arg>gc</arg>
<doc>Opens a new browser instance to the optional ``url``.</doc>
<msg timestamp="20220525 00:28:24.709" level="INFO">Opening browser 'gc' to base url 'https://www.flipkart.com/'.</msg>
<status status="PASS" starttime="20220525 00:28:24.709" endtime="20220525 00:28:27.836"/>
</kw>
<kw name="Maximize Browser Window" library="SeleniumLibrary">
<doc>Maximizes current browser window.</doc>
<status status="PASS" starttime="20220525 00:28:27.836" endtime="20220525 00:28:27.983"/>
</kw>
<kw name="Sleep" library="BuiltIn">
<arg>2</arg>
<doc>Pauses the test executed for the given time.</doc>
<msg timestamp="20220525 00:28:29.990" level="INFO">Slept 2 seconds</msg>
<status status="PASS" starttime="20220525 00:28:27.983" endtime="20220525 00:28:29.990"/>
</kw>
<kw name="Input Text" library="SeleniumLibrary">
<arg>//* [@class='_2IX_2- VJZDxU']</arg>
<arg>${username_value}</arg>
<doc>Types the given ``text`` into the text field identified by ``locator``.</doc>
<msg timestamp="20220525 00:28:29.990" level="INFO">Typing text '9738308627' into text field '//* [@class='_2IX_2- VJZDxU']'.</msg>
<errors>
<msg timestamp="20220525 00:28:32.581" level="ERROR">Execution stopped by user.</msg>
</errors>
</robot>
